This file contains any messages produced by compilers while
running configure, to aid debugging if configure makes a mistake.

It was created by configure, which was
generated by GNU Autoconf 2.72.  Invocation command line was

  $ ./configure

## --------- ##
## Platform. ##
## --------- ##

hostname = endevourX
uname -m = x86_64
uname -r = 6.18.5-arch1-1
uname -s = Linux
uname -v = #1 SMP PREEMPT_DYNAMIC Sun, 11 Jan 2026 17:10:53 +0000

/usr/bin/uname -p = unknown
/bin/uname -X     = unknown

/bin/arch              = unknown
/usr/bin/arch -k       = unknown
/usr/convex/getsysinfo = unknown
/usr/bin/hostinfo      = unknown
/bin/machine           = unknown
/usr/bin/oslevel       = unknown
/bin/universe          = unknown

PATH: /home/tim/bin/
PATH: /usr/local/sbin/
PATH: /usr/local/bin/
PATH: /usr/bin/
PATH: /opt/android-sdk/platform-tools/
PATH: /usr/lib/emscripten/
PATH: /usr/bin/site_perl/
PATH: /usr/bin/vendor_perl/
PATH: /usr/bin/core_perl/
PATH: /usr/lib/rustup/bin/


## ----------- ##
## Core tests. ##
## ----------- ##

configure:2502: looking for aux files: compile missing install-sh
configure:2515:  trying ./
configure:2544:   ./compile found
configure:2544:   ./missing found
configure:2526:   ./install-sh found
configure:2676: checking for a BSD-compatible install
configure:2750: result: /usr/bin/install -c
configure:2761: checking whether sleep supports fractional seconds
configure:2777: result: yes
configure:2780: checking filesystem timestamp resolution
configure:2915: result: 0.01
configure:2920: checking whether build environment is sane
configure:2965: result: yes
configure:3136: checking for a race-free mkdir -p
configure:3179: result: /usr/bin/mkdir -p
configure:3186: checking for gawk
configure:3207: found /usr/bin/gawk
configure:3219: result: gawk
configure:3230: checking whether make sets $(MAKE)
configure:3254: result: yes
configure:3280: checking whether make supports nested variables
configure:3299: result: yes
configure:3313: checking xargs -n works
configure:3329: result: yes
configure:3415: checking whether UID '1000' is supported by ustar format
configure:3421: result: yes
configure:3428: checking whether GID '1000' is supported by ustar format
configure:3434: result: yes
configure:3442: checking how to create a ustar tar archive
configure:3453: tar --version
tar (GNU tar) 1.35
Copyright (C) 2023 Free Software Foundation, Inc.
License GPLv3+: GNU GPL version 3 or later <https://gnu.org/licenses/gpl.html>.
This is free software: you are free to change and redistribute it.
There is NO WARRANTY, to the extent permitted by law.

Written by John Gilmore and Jay Fenlason.
configure:3456: $? = 0
configure:3496: tardir=conftest.dir && eval tar --format=ustar -chf - "$tardir" >conftest.tar
configure:3499: $? = 0
configure:3503: tar -xf - <conftest.tar
configure:3506: $? = 0
configure:3508: cat conftest.dir/file
GrepMe
configure:3511: $? = 0
configure:3526: result: gnutar
configure:3615: checking for gcc
configure:3636: found /usr/bin/gcc
configure:3648: result: gcc
configure:4007: checking for C compiler version
configure:4016: gcc --version >&5
gcc (GCC) 15.2.1 20260103
Copyright (C) 2025 Free Software Foundation, Inc.
This is free software; see the source for copying conditions.  There is NO
warranty; not even for MERCHANTABILITY or FITNESS FOR A PARTICULAR PURPOSE.

configure:4027: $? = 0
configure:4016: gcc -v >&5
Using built-in specs.
COLLECT_GCC=gcc
COLLECT_LTO_WRAPPER=/usr/lib/gcc/x86_64-pc-linux-gnu/15.2.1/lto-wrapper
Target: x86_64-pc-linux-gnu
Configured with: /build/gcc/src/gcc/configure --enable-languages=ada,c,c++,d,fortran,go,lto,m2,objc,obj-c++,rust,cobol --enable-bootstrap --prefix=/usr --libdir=/usr/lib --libexecdir=/usr/lib --mandir=/usr/share/man --infodir=/usr/share/info --with-bugurl=https://gitlab.archlinux.org/archlinux/packaging/packages/gcc/-/issues --with-build-config=bootstrap-lto --with-linker-hash-style=gnu --with-system-zlib --enable-__cxa_atexit --enable-cet=auto --enable-checking=release --enable-clocale=gnu --enable-default-pie --enable-default-ssp --enable-gnu-indirect-function --enable-gnu-unique-object --enable-libstdcxx-backtrace --enable-link-serialization=1 --enable-linker-build-id --enable-lto --enable-multilib --enable-plugin --enable-shared --enable-threads=posix --disable-libssp --disable-libstdcxx-pch --disable-werror
Thread model: posix
Supported LTO compression algorithms: zlib zstd
gcc version 15.2.1 20260103 (GCC) 
configure:4027: $? = 0
configure:4016: gcc -V >&5
gcc: error: unrecognized command-line option '-V'
gcc: fatal error: no input files
compilation terminated.
configure:4027: $? = 1
configure:4016: gcc -qversion >&5
gcc: error: unrecognized command-line option '-qversion'; did you mean '--version'?
gcc: fatal error: no input files
compilation terminated.
configure:4027: $? = 1
configure:4016: gcc -version >&5
gcc: error: unrecognized command-line option '-version'
gcc: fatal error: no input files
compilation terminated.
configure:4027: $? = 1
configure:4047: checking whether the C compiler works
configure:4069: gcc    conftest.c  >&5
configure:4073: $? = 0
configure:4124: result: yes
configure:4128: checking for C compiler default output file name
configure:4130: result: a.out
configure:4136: checking for suffix of executables
configure:4143: gcc -o conftest    conftest.c  >&5
configure:4147: $? = 0
configure:4171: result: 
configure:4195: checking whether we are cross compiling
configure:4203: gcc -o conftest    conftest.c  >&5
configure:4207: $? = 0
configure:4214: ./conftest
configure:4218: $? = 0
configure:4233: result: no
configure:4239: checking for suffix of object files
configure:4262: gcc -c   conftest.c >&5
configure:4266: $? = 0
configure:4290: result: o
configure:4294: checking whether the compiler supports GNU C
configure:4314: gcc -c   conftest.c >&5
configure:4314: $? = 0
configure:4326: result: yes
configure:4337: checking whether gcc accepts -g
configure:4358: gcc -c -g  conftest.c >&5
configure:4358: $? = 0
configure:4405: result: yes
configure:4425: checking for gcc option to enable C11 features
configure:4440: gcc  -c -g -O2  conftest.c >&5
configure:4440: $? = 0
configure:4459: result: none needed
configure:4583: checking whether gcc understands -c and -o together
configure:4606: gcc -c conftest.c -o conftest2.o
configure:4609: $? = 0
configure:4606: gcc -c conftest.c -o conftest2.o
configure:4609: $? = 0
configure:4625: result: yes
configure:4645: checking whether make supports the include directive
configure:4660: make -f confmf.GNU && cat confinc.out
this is the am__doit target
configure:4663: $? = 0
configure:4682: result: yes (GNU style)
configure:4708: checking dependency style of gcc
configure:4821: result: gcc3
configure:4906: checking for g++
configure:4927: found /usr/bin/g++
configure:4939: result: g++
configure:4966: checking for C++ compiler version
configure:4975: g++ --version >&5
g++ (GCC) 15.2.1 20260103
Copyright (C) 2025 Free Software Foundation, Inc.
This is free software; see the source for copying conditions.  There is NO
warranty; not even for MERCHANTABILITY or FITNESS FOR A PARTICULAR PURPOSE.

configure:4986: $? = 0
configure:4975: g++ -v >&5
Using built-in specs.
COLLECT_GCC=g++
COLLECT_LTO_WRAPPER=/usr/lib/gcc/x86_64-pc-linux-gnu/15.2.1/lto-wrapper
Target: x86_64-pc-linux-gnu
Configured with: /build/gcc/src/gcc/configure --enable-languages=ada,c,c++,d,fortran,go,lto,m2,objc,obj-c++,rust,cobol --enable-bootstrap --prefix=/usr --libdir=/usr/lib --libexecdir=/usr/lib --mandir=/usr/share/man --infodir=/usr/share/info --with-bugurl=https://gitlab.archlinux.org/archlinux/packaging/packages/gcc/-/issues --with-build-config=bootstrap-lto --with-linker-hash-style=gnu --with-system-zlib --enable-__cxa_atexit --enable-cet=auto --enable-checking=release --enable-clocale=gnu --enable-default-pie --enable-default-ssp --enable-gnu-indirect-function --enable-gnu-unique-object --enable-libstdcxx-backtrace --enable-link-serialization=1 --enable-linker-build-id --enable-lto --enable-multilib --enable-plugin --enable-shared --enable-threads=posix --disable-libssp --disable-libstdcxx-pch --disable-werror
Thread model: posix
Supported LTO compression algorithms: zlib zstd
gcc version 15.2.1 20260103 (GCC) 
configure:4986: $? = 0
configure:4975: g++ -V >&5
g++: error: unrecognized command-line option '-V'
g++: fatal error: no input files
compilation terminated.
configure:4986: $? = 1
configure:4975: g++ -qversion >&5
g++: error: unrecognized command-line option '-qversion'; did you mean '--version'?
g++: fatal error: no input files
compilation terminated.
configure:4986: $? = 1
configure:4990: checking whether the compiler supports GNU C++
configure:5010: g++ -c   conftest.cpp >&5
configure:5010: $? = 0
configure:5022: result: yes
configure:5033: checking whether g++ accepts -g
configure:5054: g++ -c -g  conftest.cpp >&5
configure:5054: $? = 0
configure:5101: result: yes
configure:5121: checking for g++ option to enable C++11 features
configure:5136: g++  -c -g -O2  conftest.cpp >&5
conftest.cpp: In function 'int main(int, char**)':
conftest.cpp:177:25: warning: empty parentheses were disambiguated as a function declaration [-Wvexing-parse]
  177 |   cxx11test::delegate d2();
      |                         ^~
conftest.cpp:177:25: note: remove parentheses to default-initialize a variable
  177 |   cxx11test::delegate d2();
      |                         ^~
      |                         --
conftest.cpp:177:25: note: or replace parentheses with braces to value-initialize a variable
configure:5136: $? = 0
configure:5155: result: none needed
configure:5226: checking dependency style of g++
configure:5339: result: gcc3
configure:5360: checking for stdio.h
configure:5360: gcc -c -g -O2  conftest.c >&5
configure:5360: $? = 0
configure:5360: result: yes
configure:5360: checking for stdlib.h
configure:5360: gcc -c -g -O2  conftest.c >&5
configure:5360: $? = 0
configure:5360: result: yes
configure:5360: checking for string.h
configure:5360: gcc -c -g -O2  conftest.c >&5
configure:5360: $? = 0
configure:5360: result: yes
configure:5360: checking for inttypes.h
configure:5360: gcc -c -g -O2  conftest.c >&5
configure:5360: $? = 0
configure:5360: result: yes
configure:5360: checking for stdint.h
configure:5360: gcc -c -g -O2  conftest.c >&5
configure:5360: $? = 0
configure:5360: result: yes
configure:5360: checking for strings.h
configure:5360: gcc -c -g -O2  conftest.c >&5
configure:5360: $? = 0
configure:5360: result: yes
configure:5360: checking for sys/stat.h
configure:5360: gcc -c -g -O2  conftest.c >&5
configure:5360: $? = 0
configure:5360: result: yes
configure:5360: checking for sys/types.h
configure:5360: gcc -c -g -O2  conftest.c >&5
configure:5360: $? = 0
configure:5360: result: yes
configure:5360: checking for unistd.h
configure:5360: gcc -c -g -O2  conftest.c >&5
configure:5360: $? = 0
configure:5360: result: yes
configure:5385: checking for SDL/SDL.h
configure:5385: gcc -c -g -O2  conftest.c >&5
configure:5385: $? = 0
configure:5385: result: yes
configure:5394: checking for SDL/SDL_mixer.h
configure:5394: gcc -c -g -O2  conftest.c >&5
configure:5394: $? = 0
configure:5394: result: yes
configure:5407: checking for main in -lSDL
configure:5427: gcc -o conftest -g -O2   conftest.c -lSDL   >&5
configure:5427: $? = 0
configure:5439: result: yes
configure:5458: checking for main in -lSDL_mixer
configure:5478: gcc -o conftest -g -O2   conftest.c -lSDL_mixer  -lSDL  >&5
configure:5478: $? = 0
configure:5490: result: yes
configure:5663: checking that generated files are newer than configure
configure:5669: result: done
configure:5708: creating ./config.status

## ---------------------- ##
## Running config.status. ##
## ---------------------- ##

This file was extended by config.status, which was
generated by GNU Autoconf 2.72.  Invocation command line was

  CONFIG_FILES    = 
  CONFIG_HEADERS  = 
  CONFIG_LINKS    = 
  CONFIG_COMMANDS = 
  $ ./config.status 

on endevourX

config.status:864: creating Makefile
config.status:864: creating src/Makefile
config.status:864: creating data/Makefile
config.status:864: creating data/gfx/Makefile
config.status:864: creating data/sfx/Makefile
config.status:864: creating data/maps/Makefile
config.status:864: creating config.h
config.status:1045: config.h is unchanged
config.status:1093: executing depfiles commands
config.status:1168: cd src       && sed -e '/# am--include-marker/d' Makefile         | make -f - am--depfiles
make: Nothing to be done for 'am--depfiles'.
config.status:1175: $? = 0

## ---------------- ##
## Cache variables. ##
## ---------------- ##

ac_cv_c_compiler_gnu=yes
ac_cv_cxx_compiler_gnu=yes
ac_cv_env_CCC_set=
ac_cv_env_CCC_value=
ac_cv_env_CC_set=
ac_cv_env_CC_value=
ac_cv_env_CFLAGS_set=
ac_cv_env_CFLAGS_value=
ac_cv_env_CPPFLAGS_set=
ac_cv_env_CPPFLAGS_value=
ac_cv_env_CXXFLAGS_set=
ac_cv_env_CXXFLAGS_value=
ac_cv_env_CXX_set=
ac_cv_env_CXX_value=
ac_cv_env_LDFLAGS_set=
ac_cv_env_LDFLAGS_value=
ac_cv_env_LIBS_set=
ac_cv_env_LIBS_value=
ac_cv_env_build_alias_set=
ac_cv_env_build_alias_value=
ac_cv_env_host_alias_set=
ac_cv_env_host_alias_value=
ac_cv_env_target_alias_set=
ac_cv_env_target_alias_value=
ac_cv_header_SDL_SDL_h=yes
ac_cv_header_SDL_SDL_mixer_h=yes
ac_cv_header_inttypes_h=yes
ac_cv_header_stdint_h=yes
ac_cv_header_stdio_h=yes
ac_cv_header_stdlib_h=yes
ac_cv_header_string_h=yes
ac_cv_header_strings_h=yes
ac_cv_header_sys_stat_h=yes
ac_cv_header_sys_types_h=yes
ac_cv_header_unistd_h=yes
ac_cv_lib_SDL_main=yes
ac_cv_lib_SDL_mixer_main=yes
ac_cv_objext=o
ac_cv_path_install='/usr/bin/install -c'
ac_cv_path_mkdir=/usr/bin/mkdir
ac_cv_prog_AWK=gawk
ac_cv_prog_ac_ct_CC=gcc
ac_cv_prog_ac_ct_CXX=g++
ac_cv_prog_cc_c11=
ac_cv_prog_cc_g=yes
ac_cv_prog_cc_stdc=
ac_cv_prog_cxx_cxx11=
ac_cv_prog_cxx_g=yes
ac_cv_prog_cxx_stdcxx=
ac_cv_prog_make_make_set=yes
am_cv_CC_dependencies_compiler_type=gcc3
am_cv_CXX_dependencies_compiler_type=gcc3
am_cv_filesystem_timestamp_resolution=0.01
am_cv_make_support_nested_variables=yes
am_cv_prog_cc_c_o=yes
am_cv_prog_tar_ustar=gnutar
am_cv_sleep_fractional_seconds=yes
am_cv_xargs_n_works=yes

## ----------------- ##
## Output variables. ##
## ----------------- ##

ACLOCAL='${SHELL} '\''/run/media/tim/DATA/PM/Epiphany_4_PortMaster/missing'\'' aclocal-1.18'
AMDEPBACKSLASH='\'
AMDEP_FALSE='#'
AMDEP_TRUE=''
AMTAR='$${TAR-tar}'
AM_BACKSLASH='\'
AM_DEFAULT_V='$(AM_DEFAULT_VERBOSITY)'
AM_DEFAULT_VERBOSITY='1'
AM_V='$(V)'
AUTOCONF='${SHELL} '\''/run/media/tim/DATA/PM/Epiphany_4_PortMaster/missing'\'' autoconf'
AUTOHEADER='${SHELL} '\''/run/media/tim/DATA/PM/Epiphany_4_PortMaster/missing'\'' autoheader'
AUTOMAKE='${SHELL} '\''/run/media/tim/DATA/PM/Epiphany_4_PortMaster/missing'\'' automake-1.18'
AWK='gawk'
CC='gcc'
CCDEPMODE='depmode=gcc3'
CFLAGS='-g -O2'
CPPFLAGS=' -DRESOURCE_PATH="\"${datarootdir}/epiphany\"" -DTIXML_USE_STL'
CSCOPE='cscope'
CTAGS='ctags'
CXX='g++'
CXXDEPMODE='depmode=gcc3'
CXXFLAGS=' -O2'
CYGPATH_W='echo'
DEFS='-DHAVE_CONFIG_H'
DEPDIR='.deps'
ECHO_C=''
ECHO_N='-n'
ECHO_T=''
ETAGS='etags'
EXEEXT=''
INSTALL_DATA='${INSTALL} -m 644'
INSTALL_PROGRAM='${INSTALL}'
INSTALL_SCRIPT='${INSTALL}'
INSTALL_STRIP_PROGRAM='$(install_sh) -c -s'
LDFLAGS=''
LIBOBJS=''
LIBS='-lSDL_mixer -lSDL '
LTLIBOBJS=''
MAKEINFO='${SHELL} '\''/run/media/tim/DATA/PM/Epiphany_4_PortMaster/missing'\'' makeinfo'
MKDIR_P='/usr/bin/mkdir -p'
OBJEXT='o'
PACKAGE='epiphany'
PACKAGE_BUGREPORT=''
PACKAGE_NAME=''
PACKAGE_STRING=''
PACKAGE_TARNAME=''
PACKAGE_URL=''
PACKAGE_VERSION=''
PATH_SEPARATOR=':'
SET_MAKE=''
SHELL='/bin/sh'
STRIP=''
VERSION='0.7.0'
ac_ct_CC='gcc'
ac_ct_CXX='g++'
am__EXEEXT_FALSE=''
am__EXEEXT_TRUE='#'
am__fastdepCC_FALSE='#'
am__fastdepCC_TRUE=''
am__fastdepCXX_FALSE='#'
am__fastdepCXX_TRUE=''
am__include='include'
am__isrc=''
am__leading_dot='.'
am__nodep='_no'
am__quote=''
am__rm_f_notfound=''
am__tar='tar --format=ustar -chf - "$$tardir"'
am__untar='tar -xf -'
am__xargs_n='xargs -n'
bindir='${exec_prefix}/bin'
build_alias=''
datadir='${datarootdir}'
datarootdir='${prefix}/share'
docdir='${datarootdir}/doc/${PACKAGE}'
dvidir='${docdir}'
exec_prefix='${prefix}'
host_alias=''
htmldir='${docdir}'
includedir='${prefix}/include'
infodir='${datarootdir}/info'
install_sh='${SHELL} /run/media/tim/DATA/PM/Epiphany_4_PortMaster/install-sh'
libdir='${exec_prefix}/lib'
libexecdir='${exec_prefix}/libexec'
localedir='${datarootdir}/locale'
localstatedir='${prefix}/var'
mandir='${datarootdir}/man'
mkdir_p='$(MKDIR_P)'
oldincludedir='/usr/include'
pdfdir='${docdir}'
prefix='/usr/local'
program_transform_name='s,x,x,'
psdir='${docdir}'
runstatedir='${localstatedir}/run'
sbindir='${exec_prefix}/sbin'
sharedstatedir='${prefix}/com'
sysconfdir='${prefix}/etc'
target_alias=''

## ----------- ##
## confdefs.h. ##
## ----------- ##

/* confdefs.h */
#define PACKAGE_NAME ""
#define PACKAGE_TARNAME ""
#define PACKAGE_VERSION ""
#define PACKAGE_STRING ""
#define PACKAGE_BUGREPORT ""
#define PACKAGE_URL ""
#define PACKAGE "epiphany"
#define VERSION "0.7.0"
#define HAVE_STDIO_H 1
#define HAVE_STDLIB_H 1
#define HAVE_STRING_H 1
#define HAVE_INTTYPES_H 1
#define HAVE_STDINT_H 1
#define HAVE_STRINGS_H 1
#define HAVE_SYS_STAT_H 1
#define HAVE_SYS_TYPES_H 1
#define HAVE_UNISTD_H 1
#define STDC_HEADERS 1
#define HAVE_LIBSDL 1
#define HAVE_LIBSDL_MIXER 1

configure: exit 0
